Drill report for /home/tom/catkin/src/choice/design/pcb/shield_pcb/shield_pcb.kicad_pcb
Created on Wed 06 Dec 2017 02:31:16 PM PST

Copper Layer Stackup:
    =============================================================
    L1 :  F.Cu                      front
    L2 :  B.Cu                      back


Drill file 'shield_pcb-PTH.drl' contains
    plated through holes:
    =============================================================
    T1  0.40mm  0.016"  (95 holes)
    T2  0.80mm  0.031"  (403 holes)
    T3  1.00mm  0.039"  (73 holes)
    T4  1.02mm  0.040"  (32 holes)
    T5  1.10mm  0.043"  (32 holes)
    T6  1.20mm  0.047"  (5 holes)
    T7  1.50mm  0.059"  (2 holes)
    T8  3.05mm  0.120"  (4 holes)
    T9  3.20mm  0.126"  (2 holes)

    Total plated holes count 648


Drill file 'shield_pcb-NPTH.drl' contains
    unplated through holes:
    =============================================================

    Total unplated holes count 0
